<?xml version="1.0" encoding="UTF-8"?>
<!-- Generated by org.testng.reporters.JUnitReportReporter -->
<testsuite skipped="0" hostname="nvginws168" name="com.qa.smp.testcase.TestLogin" tests="2" failures="0" timestamp="29 Jan 2019 11:45:04 GMT" time="6.995" errors="0">
  <testcase name="validLogin" time="6.994" classname="com.qa.smp.testcase.TestLogin"/>
  <testcase name="invalidLogin" time="0.001" classname="com.qa.smp.testcase.TestLogin"/>
</testsuite> <!-- com.qa.smp.testcase.TestLogin -->
